[www.megafishing88.org/index5a47.html]
[backblue.gif]
[fade.gif]
[index.html]
[www.megafishing88.org/index.html]
[w.ladicdn.com_443/5bb36a18962ca007b2d3cb6b/logo-20230822034407-usmzp.png]
[w.ladicdn.com/v2/source/ladipagev3.min53b3.js]
[w.ladicdn.com/s550x650/5bb36a18962ca007b2d3cb6b/banner-07-20230822081402-vkiu3.png]
[w.ladicdn.com/s450x450/5bb36a18962ca007b2d3cb6b/b-6-20230822084718-qahcf.png]
[w.ladicdn.com/s450x450/5bb36a18962ca007b2d3cb6b/b-5-20230822084718-vmca0.png]
[w.ladicdn.com/s450x450/5bb36a18962ca007b2d3cb6b/b-8-20230822084718-rrqn1.png]
[w.ladicdn.com/s450x450/5bb36a18962ca007b2d3cb6b/b-9-20230822084718-rwbah.png]
[w.ladicdn.com/s450x450/5bb36a18962ca007b2d3cb6b/b-10-20230822084718-3ggkp.png]
[w.ladicdn.com/s400x400/5bb36a18962ca007b2d3cb6b/icon-02-20230822094256-6plfj.png]
[w.ladicdn.com/s700x600/5bb36a18962ca007b2d3cb6b/mb-3-20230823034513-iehlt.jpg]
[w.ladicdn.com/s700x600/5bb36a18962ca007b2d3cb6b/mb-2-20230823034513-sfk2u.jpg]
[w.ladicdn.com/s700x600/5bb36a18962ca007b2d3cb6b/mb-1-20230823034513-pmske.jpg]
[w.ladicdn.com/s450x450/5bb36a18962ca007b2d3cb6b/b-7-20230822084718-mltig.png]
[w.ladicdn.com/s400x400/5bb36a18962ca007b2d3cb6b/logo-20230822034407-usmzp.png]
[img.youtube.com/vi/ksareoyKG40/hqdefault.jpg]
[w.ladicdn.com/s1440x1200/5bb36a18962ca007b2d3cb6b/banner-01-20230822032839-fdutu.jpg]
[w.ladicdn.com/s450x450/5bb36a18962ca007b2d3cb6b/logo-20230822034407-usmzp.png]
[w.ladicdn.com/s1250x600/5bb36a18962ca007b2d3cb6b/text-banner-20230822035632-mioug.png]
[w.ladicdn.com/s400x400/5bb36a18962ca007b2d3cb6b/button-02-20230822040226-sg48i.png]
[w.ladicdn.com/s176x72/5bb36a18962ca007b2d3cb6b/button-01-20230822035338-lnawm.png]
[w.ladicdn.com/s1440x2882/5bb36a18962ca007b2d3cb6b/banner-02-20230822041339-rpcmp.jpg]
[w.ladicdn.com/s650x700/5bb36a18962ca007b2d3cb6b/banner-04-20230822080416-lphkl.png]
[w.ladicdn.com/s600x650/5bb36a18962ca007b2d3cb6b/banner-05-20230822081402-u0avw.png]
[w.ladicdn.com/s550x800/5bb36a18962ca007b2d3cb6b/banner-06-20230822081402-scj4h.png]
[w.ladicdn.com/s550x400/5bb36a18962ca007b2d3cb6b/mb-20230913100133-6edfh.png]
[w.ladicdn.com/s350x400/5bb36a18962ca007b2d3cb6b/icon-01-20230822075316-nz6kx.png]
[w.ladicdn.com/s500x500/5bb36a18962ca007b2d3cb6b/b-1-20230822074835-cpinb.png]
[w.ladicdn.com/s500x500/5bb36a18962ca007b2d3cb6b/b-2-20230822074835-9lod2.png]
[w.ladicdn.com/s500x500/5bb36a18962ca007b2d3cb6b/b-3-20230822074836-unjxe.png]
[w.ladicdn.com/s500x500/5bb36a18962ca007b2d3cb6b/b-4-20230822074836-5xlb1.png]
[w.ladicdn.com/s500x400/5bb36a18962ca007b2d3cb6b/button-04-20230822081402-t4aix.png]
[w.ladicdn.com/s550x400/5bb36a18962ca007b2d3cb6b/pc-20230913100133-_wiff.png]
[w.ladicdn.com/s1440x1254/5bb36a18962ca007b2d3cb6b/banner-03-20230822092509-lzluh.jpg]
[w.ladicdn.com/s850x450/5bb36a18962ca007b2d3cb6b/title-20230822092606-k6ugi.png]
[w.ladicdn.com/s550x700/5bb36a18962ca007b2d3cb6b/banner-08-20230822093141-jjd9c.png]
[w.ladicdn.com/s550x700/5bb36a18962ca007b2d3cb6b/banner-09-20230822093141-ebjtw.png]
[w.ladicdn.com/s550x700/5bb36a18962ca007b2d3cb6b/banner-10-20230822093141-o-wgc.png]
[w.ladicdn.com/s550x700/5bb36a18962ca007b2d3cb6b/banner-11-20230822093142-r3oao.png]
[w.ladicdn.com/s900x750/5bb36a18962ca007b2d3cb6b/banner-12-20230822094029-pzmle.png]
[w.ladicdn.com/s750x850/5bb36a18962ca007b2d3cb6b/form-20230822094648-p6zxo.png]
[w.ladicdn.com/s172x66/5bb36a18962ca007b2d3cb6b/button-03-20230822101333-d_d6r.png]
[w.ladicdn.com/s1440x241/5bb36a18962ca007b2d3cb6b/banner-08-20230823014830-j4srd.jpg]
[w.ladicdn.com/s768x532/5bb36a18962ca007b2d3cb6b/banner-01-20230822032839-fdutu.jpg]
[w.ladicdn.com/s700x450/5bb36a18962ca007b2d3cb6b/text-banner-20230822035632-mioug.png]
[w.ladicdn.com/s350x350/5bb36a18962ca007b2d3cb6b/button-02-20230822040226-sg48i.png]
[w.ladicdn.com/s136x57/5bb36a18962ca007b2d3cb6b/button-01-20230822035338-lnawm.png]
[w.ladicdn.com/s768x3653/5bb36a18962ca007b2d3cb6b/banner-02-20230822041339-rpcmp.jpg]
[w.ladicdn.com/s500x500/5bb36a18962ca007b2d3cb6b/banner-04-20230822080416-lphkl.png]
[w.ladicdn.com/s550x650/5bb36a18962ca007b2d3cb6b/banner-05-20230822081402-u0avw.png]
[w.ladicdn.com/s550x750/5bb36a18962ca007b2d3cb6b/banner-06-20230822081402-scj4h.png]
[w.ladicdn.com/s500x400/5bb36a18962ca007b2d3cb6b/mb-20230913100133-6edfh.png]
[w.ladicdn.com/s350x350/5bb36a18962ca007b2d3cb6b/icon-01-20230822075316-nz6kx.png]
[w.ladicdn.com/s450x450/5bb36a18962ca007b2d3cb6b/b-1-20230822074835-cpinb.png]
[w.ladicdn.com/s450x450/5bb36a18962ca007b2d3cb6b/b-2-20230822074835-9lod2.png]
[w.ladicdn.com/s450x450/5bb36a18962ca007b2d3cb6b/b-3-20230822074836-unjxe.png]
[w.ladicdn.com/s450x450/5bb36a18962ca007b2d3cb6b/b-4-20230822074836-5xlb1.png]
[w.ladicdn.com/s450x350/5bb36a18962ca007b2d3cb6b/button-04-20230822081402-t4aix.png]
[w.ladicdn.com/s768x1302/5bb36a18962ca007b2d3cb6b/banner-03-20230822092509-lzluh.jpg]
[w.ladicdn.com/s650x400/5bb36a18962ca007b2d3cb6b/title-20230822092606-k6ugi.png]
[w.ladicdn.com/s500x400/5bb36a18962ca007b2d3cb6b/pc-20230913100133-_wiff.png]
[w.ladicdn.com/s500x600/5bb36a18962ca007b2d3cb6b/banner-08-20230822093141-jjd9c.png]
[w.ladicdn.com/s500x600/5bb36a18962ca007b2d3cb6b/banner-09-20230822093141-ebjtw.png]
[w.ladicdn.com/s500x600/5bb36a18962ca007b2d3cb6b/banner-11-20230822093142-r3oao.png]
[w.ladicdn.com/s500x600/5bb36a18962ca007b2d3cb6b/banner-10-20230822093141-o-wgc.png]
[w.ladicdn.com/s750x650/5bb36a18962ca007b2d3cb6b/banner-12-20230822094029-pzmle.png]
[w.ladicdn.com/s750x800/5bb36a18962ca007b2d3cb6b/form-20230822094648-p6zxo.png]
[w.ladicdn.com/s152x60/5bb36a18962ca007b2d3cb6b/button-03-20230822101333-d_d6r.png]
[w.ladicdn.com/s768x397/5bb36a18962ca007b2d3cb6b/banner-08-20230823014830-j4srd.jpg]
[www.megafishing88.org/index5a47.html]
[www.megafishing88.org/index.html]
[connect.facebook.net/en_US/fbevents.js]
[www.megafishing88.org/a.html]
[www.megafishing88.org/POST.html]
[www.megafishing88.org/b.html]
[connect.facebook.net/en_US/fbevents.js]
[www.megafishing88.org/a.html]
[www.megafishing88.org/POST.html]
[www.megafishing88.org/signals/iwl.html]
[www.megafishing88.org/schema.org/index.html]
[www.megafishing88.org/schema.org/index.html]
[www.megafishing88.org/b.html]
[www.megafishing88.org/signals/iwl.html]
